{
  "stats": {
    "suites": 3,
    "tests": 3,
    "passes": 3,
    "pending": 0,
    "failures": 0,
    "start": "2022-03-28T08:53:05.993Z",
    "end": "2022-03-28T08:53:10.004Z",
    "duration": 4011,
    "testsRegistered": 3,
    "passPercent": 100,
    "pendingPercent": 0,
    "other": 0,
    "hasOther": false,
    "skipped": 0,
    "hasSkipped": false
  },
  "results": [
    {
      "uuid": "a1b62108-2452-47c9-9958-ec7517b75fae",
      "title": "",
      "fullFile": "/Users/ameera/Documents/CodeCoderCoding/waffle-veriff-api/test/session.js",
      "file": "/test/session.js",
      "beforeHooks": [],
      "afterHooks": [],
      "tests": [],
      "suites": [
        {
          "uuid": "77d2dc41-aaac-4ea0-b085-40fbc52ab94d",
          "title": "New Session Endpoint",
          "fullFile": "/Users/ameera/Documents/CodeCoderCoding/waffle-veriff-api/test/session.js",
          "file": "/test/session.js",
          "beforeHooks": [],
          "afterHooks": [],
          "tests": [],
          "suites": [
            {
              "uuid": "f837d648-f27a-4313-b285-f2fb4a609d7d",
              "title": "POST/ positive flows",
              "fullFile": "/Users/ameera/Documents/CodeCoderCoding/waffle-veriff-api/test/session.js",
              "file": "/test/session.js",
              "beforeHooks": [],
              "afterHooks": [],
              "tests": [
                {
                  "title": "POST/ with default data set",
                  "fullTitle": "New Session Endpoint POST/ positive flows POST/ with default data set",
                  "timedOut": false,
                  "duration": 1441,
                  "state": "passed",
                  "speed": "slow",
                  "pass": true,
                  "fail": false,
                  "pending": false,
                  "context": null,
                  "code": "var self = this,\n    args = arguments;\nreturn new Promise(function (resolve, reject) {\n  var gen = fn.apply(self, args);\n  function _next(value) {\n    asyncGeneratorStep(gen, resolve, reject, _next, _throw, \"next\", value);\n  }\n  function _throw(err) {\n    asyncGeneratorStep(gen, resolve, reject, _next, _throw, \"throw\", err);\n  }\n  _next(undefined);\n});",
                  "err": {},
                  "uuid": "b9051f18-9815-4fa8-86f3-2add7ada9f62",
                  "parentUUID": "f837d648-f27a-4313-b285-f2fb4a609d7d",
                  "isHook": false,
                  "skipped": false
                },
                {
                  "title": "POST/ with default data set as empty ",
                  "fullTitle": "New Session Endpoint POST/ positive flows POST/ with default data set as empty ",
                  "timedOut": false,
                  "duration": 1351,
                  "state": "passed",
                  "speed": "slow",
                  "pass": true,
                  "fail": false,
                  "pending": false,
                  "context": null,
                  "code": "var self = this,\n    args = arguments;\nreturn new Promise(function (resolve, reject) {\n  var gen = fn.apply(self, args);\n  function _next(value) {\n    asyncGeneratorStep(gen, resolve, reject, _next, _throw, \"next\", value);\n  }\n  function _throw(err) {\n    asyncGeneratorStep(gen, resolve, reject, _next, _throw, \"throw\", err);\n  }\n  _next(undefined);\n});",
                  "err": {},
                  "uuid": "5335ab61-cc73-4e13-b7fd-f144dac1f12c",
                  "parentUUID": "f837d648-f27a-4313-b285-f2fb4a609d7d",
                  "isHook": false,
                  "skipped": false
                }
              ],
              "suites": [],
              "passes": [
                "b9051f18-9815-4fa8-86f3-2add7ada9f62",
                "5335ab61-cc73-4e13-b7fd-f144dac1f12c"
              ],
              "failures": [],
              "pending": [],
              "skipped": [],
              "duration": 2792,
              "root": false,
              "rootEmpty": false,
              "_timeout": 5000
            },
            {
              "uuid": "e58c6e0b-1022-49a2-8740-88d53d8edeb4",
              "title": "POST/ negative flows",
              "fullFile": "/Users/ameera/Documents/CodeCoderCoding/waffle-veriff-api/test/session.js",
              "file": "/test/session.js",
              "beforeHooks": [],
              "afterHooks": [],
              "tests": [
                {
                  "title": "POST/ with null data set ",
                  "fullTitle": "New Session Endpoint POST/ negative flows POST/ with null data set ",
                  "timedOut": false,
                  "duration": 1210,
                  "state": "passed",
                  "speed": "slow",
                  "pass": true,
                  "fail": false,
                  "pending": false,
                  "context": null,
                  "code": "var self = this,\n    args = arguments;\nreturn new Promise(function (resolve, reject) {\n  var gen = fn.apply(self, args);\n  function _next(value) {\n    asyncGeneratorStep(gen, resolve, reject, _next, _throw, \"next\", value);\n  }\n  function _throw(err) {\n    asyncGeneratorStep(gen, resolve, reject, _next, _throw, \"throw\", err);\n  }\n  _next(undefined);\n});",
                  "err": {},
                  "uuid": "35d1cb43-a0ce-40c0-8b3a-af20252020a6",
                  "parentUUID": "e58c6e0b-1022-49a2-8740-88d53d8edeb4",
                  "isHook": false,
                  "skipped": false
                }
              ],
              "suites": [],
              "passes": [
                "35d1cb43-a0ce-40c0-8b3a-af20252020a6"
              ],
              "failures": [],
              "pending": [],
              "skipped": [],
              "duration": 1210,
              "root": false,
              "rootEmpty": false,
              "_timeout": 5000
            }
          ],
          "passes": [],
          "failures": [],
          "pending": [],
          "skipped": [],
          "duration": 0,
          "root": false,
          "rootEmpty": false,
          "_timeout": 5000
        }
      ],
      "passes": [],
      "failures": [],
      "pending": [],
      "skipped": [],
      "duration": 0,
      "root": true,
      "rootEmpty": true,
      "_timeout": 5000
    }
  ],
  "meta": {
    "mocha": {
      "version": "9.2.2"
    },
    "mochawesome": {
      "options": {
        "quiet": false,
        "reportFilename": "mochawesome",
        "saveHtml": true,
        "saveJson": true,
        "consoleReporter": "spec",
        "useInlineDiffs": false,
        "code": true
      },
      "version": "7.1.3"
    },
    "marge": {
      "options": null,
      "version": "6.2.0"
    }
  }
}